// CodeMirror, copyright (c) by Marijn Haverbeke and others
// Distributed under an MIT license: http://codemirror.net/LICENSE

(function(mod) {
  if (typeof exports == "object" && typeof module == "object") // CommonJS
    mod(require("../../lib/codemirror"));
  else if (typeof define == "function" && define.amd) // AMD
    define(["../../lib/codemirror"], mod);
  else // Plain browser env
    mod(CodeMirror);
})(function(CodeMirror) {
"use strict";

CodeMirror.defineMode("css", function(config, parserConfig) {
  var inline = parserConfig.inline
  if (!parserConfig.propertyKeywords) parserConfig = CodeMirror.resolveMode("text/css");

  var indentUnit = config.indentUnit,
      tokenHooks = parserConfig.tokenHooks,
      documentTypes = parserConfig.documentTypes || {},
      mediaTypes = parserConfig.mediaTypes || {},
      mediaFeatures = parserConfig.mediaFeatures || {},
      mediaValueKeywords = parserConfig.mediaValueKeywords || {},
      propertyKeywords = parserConfig.propertyKeywords || {},
      nonStandardPropertyKeywords = parserConfig.nonStandardPropertyKeywords || {},
      fontProperties = parserConfig.fontProperties || {},
      counterDescriptors = parserConfig.counterDescriptors || {},
      colorKeywords = parserConfig.colorKeywords || {},
      valueKeywords = parserConfig.valueKeywords || {},
      allowNested = parserConfig.allowNested,
      supportsAtComponent = parserConfig.supportsAtComponent === true;

  var type, override;
  function ret(style, tp) { type = tp; return style; }

  // Tokenizers

  function tokenBase(stream, state) {
    var ch = stream.next();
    if (tokenHooks[ch]) {
      var result = tokenHooks[ch](stream, state);
      if (result !== false) return result;
    }
    if (ch == "@") {
      stream.eatWhile(/[\w\\\-]/);
      return ret("def", stream.current());
    } else if (ch == "=" || (ch == "~" || ch == "|") && stream.eat("=")) {
      return ret(null, "compare");
    } else if (ch == "\"" || ch == "'") {
      state.tokenize = tokenString(ch);
      return state.tokenize(stream, state);
    } else if (ch == "#") {
      stream.eatWhile(/[\w\\\-]/);
      return ret("atom", "hash");
    } else if (ch == "!") {
      stream.match(/^\s*\w*/);
      return ret("keyword", "important");
    } else if (/\d/.test(ch) || ch == "." && stream.eat(/\d/)) {
      stream.eatWhile(/[\w.%]/);
      return ret("number", "unit");
    } else if (ch === "-") {
      if (/[\d.]/.test(stream.peek())) {
        stream.eatWhile(/[\w.%]/);
        return ret("number", "unit");
      } else if (stream.match(/^-[\w\\\-]+/)) {
        stream.eatWhile(/[\w\\\-]/);
        if (stream.match(/^\s*:/, false))
          return ret("variable-2", "variable-definition");
        return ret("variable-2", "variable");
      } else if (stream.match(/^\w+-/)) {
        return ret("meta", "meta");
      }
    } else if (/[,+>*\/]/.test(ch)) {
      return ret(null, "select-op");
    } else if (ch == "." && stream.match(/^-?[_a-z][_a-z0-9-]*/i)) {
      return ret("qualifier", "qualifier");
    } else if (/[:;{}\[\]\(\)]/.test(ch)) {
      return ret(null, ch);
    } else if ((ch == "u" && stream.match(/rl(-prefix)?\(/)) ||
               (ch == "d" && stream.match("omain(")) ||
               (ch == "r" && stream.match("egexp("))) {
      stream.backUp(1);
      state.tokenize = tokenParenthesized;
      return ret("property", "word");
    } else if (/[\w\\\-]/.test(ch)) {
      stream.eatWhile(/[\w\\\-]/);
      return ret("property", "word");
    } else {
      return ret(null, null);
    }
  }

  function tokenString(quote) {
    return function(stream, state) {
      var escaped = false, ch;
      while ((ch = stream.next()) != null) {
        if (ch == quote && !escaped) {
          if (quote == ")") stream.backUp(1);
          break;
        }
        escaped = !escaped && ch == "\\";
      }
      if (ch == quote || !escaped && quote != ")") state.tokenize = null;
      return ret("string", "string");
    };
  }

  function tokenParenthesized(stream, state) {
    stream.next(); // Must be '('
    if (!stream.match(/\s*[\"\')]/, false))
      state.tokenize = tokenString(")");
    else
      state.tokenize = null;
    return ret(null, "(");
  }

  // Context management

  function Context(type, indent, prev) {
    this.type = type;
    this.indent = indent;
    this.prev = prev;
  }

  function pushContext(state, stream, type, indent) {
    state.context = new Context(type, stream.indentation() + (indent === false ? 0 : indentUnit), state.context);
    return type;
  }

  function popContext(state) {
    if (state.context.prev)
      state.context = state.context.prev;
    return state.context.type;
  }

  function pass(type, stream, state) {
    return states[state.context.type](type, stream, state);
  }
  function popAndPass(type, stream, state, n) {
    for (var i = n || 1; i > 0; i--)
      state.context = state.context.prev;
    return pass(type, stream, state);
  }

  // Parser

  function wordAsValue(stream) {
    var word = stream.current().toLowerCase();
    if (valueKeywords.hasOwnProperty(word))
      override = "atom";
    else if (colorKeywords.hasOwnProperty(word))
      override = "keyword";
    else
      override = "variable";
  }

  var states = {};

  states.top = function(type, stream, state) {
    if (type == "{") {
      return pushContext(state, stream, "block");
    } else if (type == "}" && state.context.prev) {
      return popContext(state);
    } else if (supportsAtComponent && /@component/.test(type)) {
      return pushContext(state, stream, "atComponentBlock");
    } else if (/^@(-moz-)?document$/.test(type)) {
      return pushContext(state, stream, "documentTypes");
    } else if (/^@(media|supports|(-moz-)?document|import)$/.test(type)) {
      return pushContext(state, stream, "atBlock");
    } else if (/^@(font-face|counter-style)/.test(type)) {
      state.stateArg = type;
      return "restricted_atBlock_before";
    } else if (/^@(-(moz|ms|o|webkit)-)?keyframes$/.test(type)) {
      return "keyframes";
   